<?xml version="1.0" encoding="UTF-8"?>
<!-- Generated by org.testng.reporters.JUnitReportReporter -->
<testsuite skipped="0" hostname="DESKTOP-4L006RJ" name="testNgExamples2may.Withouttestngclass" tests="3" failures="0" timestamp="10 May 2023 10:07:51 GMT" time="0.014" errors="0">
  <testcase name="M1" time="0.009" classname="testNgExamples2may.Withouttestngclass"/>
  <testcase name="M1" time="0.002" classname="testNgExamples2may.Withouttestngclass"/>
  <testcase name="M1" time="0.003" classname="testNgExamples2may.Withouttestngclass"/>
</testsuite> <!-- testNgExamples2may.Withouttestngclass -->
