<?xml version="1.0" encoding="UTF-8"?>
<!-- Generated by org.testng.reporters.JUnitReportReporter -->
<testsuite skipped="0" hostname="DESKTOP-4L006RJ" name="TestNgAnnotation.BeforeAndAfterClass" tests="2" failures="0" timestamp="18 May 2023 09:43:30 GMT" time="0.021" errors="0">
  <testcase name="tc1" time="0.017" classname="TestNgAnnotation.BeforeAndAfterClass"/>
  <testcase name="tc2" time="0.004" classname="TestNgAnnotation.BeforeAndAfterClass"/>
</testsuite> <!-- TestNgAnnotation.BeforeAndAfterClass -->
