<?xml version="1.0" encoding="UTF-8"?>
<!-- Generated by org.testng.reporters.JUnitReportReporter -->
<testsuite skipped="0" hostname="DESKTOP-4L006RJ" name="TestNgAnnotation.BeforeTestAndAfterMethodAll" tests="2" failures="0" timestamp="18 May 2023 09:59:57 GMT" time="0.027" errors="0">
  <testcase name="testPMICreation" time="0.020" classname="TestNgAnnotation.BeforeTestAndAfterMethodAll"/>
  <testcase name="testPMIDeletion" time="0.007" classname="TestNgAnnotation.BeforeTestAndAfterMethodAll"/>
</testsuite> <!-- TestNgAnnotation.BeforeTestAndAfterMethodAll -->
