<?xml version="1.0" encoding="UTF-8"?>
<!-- Generated by org.testng.reporters.JUnitReportReporter -->
<testsuite skipped="0" hostname="DESKTOP-4L006RJ" name="HandlingWindow.HandlingFrame" tests="1" failures="0" timestamp="23 May 2023 05:50:49 GMT" time="18.958" errors="0">
  <testcase name="frame" time="18.958" classname="HandlingWindow.HandlingFrame"/>
</testsuite> <!-- HandlingWindow.HandlingFrame -->
