<?xml version="1.0" encoding="UTF-8"?>
<!-- Generated by org.testng.reporters.JUnitReportReporter -->
<testsuite skipped="0" hostname="DESKTOP-4L006RJ" name="Alert.ConfirmationPopup" tests="1" failures="0" timestamp="22 May 2023 10:59:31 GMT" time="41.717" errors="0">
  <testcase name="f" time="41.717" classname="Alert.ConfirmationPopup"/>
</testsuite> <!-- Alert.ConfirmationPopup -->
