<?xml version="1.0" encoding="UTF-8"?>
<!-- Generated by org.testng.reporters.JUnitReportReporter -->
<testsuite skipped="0" hostname="DESKTOP-4L006RJ" name="HandlingDragAndDropusingframes.DragAndDropFrames" tests="1" failures="0" timestamp="21 May 2023 11:06:22 GMT" time="11.643" errors="0">
  <testcase name="dragAndDropInsideTheFrame" time="11.643" classname="HandlingDragAndDropusingframes.DragAndDropFrames"/>
</testsuite> <!-- HandlingDragAndDropusingframes.DragAndDropFrames -->
