<?xml version="1.0" encoding="UTF-8"?>
<!-- Generated by org.testng.reporters.JUnitReportReporter -->
<testsuite skipped="0" hostname="DESKTOP-4L006RJ" name="Alert.promptpopup" tests="1" failures="0" timestamp="22 May 2023 11:31:41 GMT" time="56.736" errors="0">
  <testcase name="f" time="56.736" classname="Alert.promptpopup"/>
</testsuite> <!-- Alert.promptpopup -->
