<?xml version="1.0" encoding="UTF-8"?>
<!-- Generated by org.testng.reporters.JUnitReportReporter -->
<testsuite skipped="0" hostname="DESKTOP-4L006RJ" name="ScreenShot.screenshot" tests="1" failures="0" timestamp="22 May 2023 10:34:53 GMT" time="11.154" errors="0">
  <testcase name="startUp" time="11.154" classname="ScreenShot.screenshot"/>
</testsuite> <!-- ScreenShot.screenshot -->
