<?xml version="1.0" encoding="UTF-8"?>
<!-- Generated by org.testng.reporters.JUnitReportReporter -->
<testsuite skipped="1" hostname="DESKTOP-4L006RJ" name="testNgExamples2may.simpleprogram" tests="3" failures="0" timestamp="10 May 2023 10:07:51 GMT" time="0.004" errors="0">
  <testcase name="tc2" time="0.002" classname="testNgExamples2may.simpleprogram"/>
  <testcase name="tc1" time="0.002" classname="testNgExamples2may.simpleprogram"/>
  <testcase name="tc4" classname="testNgExamples2may.simpleprogram">
    <skipped/>
  </testcase> <!-- tc4 -->
</testsuite> <!-- testNgExamples2may.simpleprogram -->
