<?xml version="1.0" encoding="UTF-8"?>
<!-- Generated by org.testng.reporters.JUnitReportReporter -->
<testsuite skipped="0" hostname="DESKTOP-4L006RJ" name="Alert.SimpleAlert" tests="1" failures="0" timestamp="22 May 2023 10:44:25 GMT" time="26.691" errors="0">
  <testcase name="simple1" time="26.691" classname="Alert.SimpleAlert"/>
</testsuite> <!-- Alert.SimpleAlert -->
