<?xml version="1.0" encoding="UTF-8"?>
<!-- Generated by org.testng.reporters.JUnitReportReporter -->
<testsuite skipped="0" hostname="DESKTOP-4L006RJ" name="HandlingWindow.WindowHandlingId" tests="1" failures="0" timestamp="23 May 2023 06:14:33 GMT" time="18.729" errors="0">
  <testcase name="f" time="18.729" classname="HandlingWindow.WindowHandlingId"/>
</testsuite> <!-- HandlingWindow.WindowHandlingId -->
