<?xml version="1.0" encoding="UTF-8"?>
<!-- Generated by org.testng.reporters.JUnitReportReporter -->
<testsuite skipped="0" hostname="DESKTOP-4L006RJ" name="testNgExamples2may.Dependsonmetod" tests="3" failures="0" timestamp="10 May 2023 10:07:51 GMT" time="1.047" errors="1">
  <testcase name="LogOut" time="1.043" classname="testNgExamples2may.Dependsonmetod">
    <error type="org.testng.internal.thread.ThreadTimeoutException" message="Method testNgExamples2may.Dependsonmetod.LogOut() didn&#039;t finish within the time-out 1000">
      <![CDATA[org.testng.internal.thread.ThreadTimeoutException: Method testNgExamples2may.Dependsonmetod.LogOut() didn't finish within the time-out 1000
at org.testng.internal.InvokeMethodRunnable.runOne(InvokeMethodRunnable.java:69)
at org.testng.internal.InvokeMethodRunnable.run(InvokeMethodRunnable.java:44)
at java.util.concurrent.Executors$RunnableAdapter.call(Executors.java:511)
at java.util.concurrent.FutureTask.run(FutureTask.java:266)
at java.util.concurrent.ThreadPoolExecutor.runWorker(ThreadPoolExecutor.java:1149)
at java.util.concurrent.ThreadPoolExecutor$Worker.run(ThreadPoolExecutor.java:624)
at java.lang.Thread.run(Thread.java:748)
]]>
    </error>
  </testcase> <!-- LogOut -->
  <testcase name="LogIn" time="0.002" classname="testNgExamples2may.Dependsonmetod"/>
  <testcase name="SignIn" time="0.002" classname="testNgExamples2may.Dependsonmetod"/>
</testsuite> <!-- testNgExamples2may.Dependsonmetod -->
